calculate estimator MSE: 0.4675392195371382  sample_size: 10  sample_type: MC  est_func_name: E[X]
calculate estimator MSE: 0.3026878327157931  sample_size: 15  sample_type: MC  est_func_name: E[X]
calculate estimator MSE: 0.0837583996449379  sample_size: 22  sample_type: MC  est_func_name: E[X]
calculate estimator MSE: 0.08627814404395516  sample_size: 33  sample_type: MC  est_func_name: E[X]
calculate estimator MSE: 0.04378652041003705  sample_size: 50  sample_type: MC  est_func_name: E[X]
calculate estimator MSE: 0.04977416454709176  sample_size: 75  sample_type: MC  est_func_name: E[X]
calculate estimator MSE: 0.028948707732834183  sample_size: 112  sample_type: MC  est_func_name: E[X]
calculate estimator MSE: 0.03759378829934355  sample_size: 167  sample_type: MC  est_func_name: E[X]
calculate estimator MSE: 0.02526593348789059  sample_size: 250  sample_type: MC  est_func_name: E[X]
calculate estimator MSE: 0.05561202537895117  sample_size: 10  sample_type: SVGD  est_func_name: E[X]
calculate estimator MSE: 0.004276396413048038  sample_size: 15  sample_type: SVGD  est_func_name: E[X]
calculate estimator MSE: 0.008603944127267341  sample_size: 22  sample_type: SVGD  est_func_name: E[X]
calculate estimator MSE: 0.007540335769967661  sample_size: 33  sample_type: SVGD  est_func_name: E[X]
calculate estimator MSE: 0.005054805191873793  sample_size: 50  sample_type: SVGD  est_func_name: E[X]
calculate estimator MSE: 0.0029854002371524435  sample_size: 75  sample_type: SVGD  est_func_name: E[X]
calculate estimator MSE: 0.003199923395091582  sample_size: 112  sample_type: SVGD  est_func_name: E[X]
calculate estimator MSE: 0.0043378131274111695  sample_size: 167  sample_type: SVGD  est_func_name: E[X]
calculate estimator MSE: 0.0021995094981100056  sample_size: 250  sample_type: SVGD  est_func_name: E[X]
calculate estimator MSE: 2.396516188997742  sample_size: 10  sample_type: MC  est_func_name: E[X^2]
calculate estimator MSE: 1.256129117272246  sample_size: 15  sample_type: MC  est_func_name: E[X^2]
calculate estimator MSE: 0.6850809537170709  sample_size: 22  sample_type: MC  est_func_name: E[X^2]
calculate estimator MSE: 0.6448301682332085  sample_size: 33  sample_type: MC  est_func_name: E[X^2]
calculate estimator MSE: 0.2886525227834051  sample_size: 50  sample_type: MC  est_func_name: E[X^2]
calculate estimator MSE: 0.3341767878508763  sample_size: 75  sample_type: MC  est_func_name: E[X^2]
calculate estimator MSE: 0.14708745402295542  sample_size: 112  sample_type: MC  est_func_name: E[X^2]
calculate estimator MSE: 0.14683600507912803  sample_size: 167  sample_type: MC  est_func_name: E[X^2]
calculate estimator MSE: 0.09993667032656534  sample_size: 250  sample_type: MC  est_func_name: E[X^2]
calculate estimator MSE: 0.10778312547172908  sample_size: 10  sample_type: SVGD  est_func_name: E[X^2]
calculate estimator MSE: 0.0690685507878995  sample_size: 15  sample_type: SVGD  est_func_name: E[X^2]
calculate estimator MSE: 0.06893409297047001  sample_size: 22  sample_type: SVGD  est_func_name: E[X^2]
calculate estimator MSE: 0.05234875643566067  sample_size: 33  sample_type: SVGD  est_func_name: E[X^2]
calculate estimator MSE: 0.03218823621301903  sample_size: 50  sample_type: SVGD  est_func_name: E[X^2]
calculate estimator MSE: 0.040335797622891724  sample_size: 75  sample_type: SVGD  est_func_name: E[X^2]
calculate estimator MSE: 0.035680983610431274  sample_size: 112  sample_type: SVGD  est_func_name: E[X^2]
calculate estimator MSE: 0.03144345202991574  sample_size: 167  sample_type: SVGD  est_func_name: E[X^2]
calculate estimator MSE: 0.01952734358265503  sample_size: 250  sample_type: SVGD  est_func_name: E[X^2]
calculate estimator MSE: 0.025920668376342586  sample_size: 10  sample_type: MC  est_func_name: E[cos(wx+b)]
calculate estimator MSE: 0.00906148281186664  sample_size: 15  sample_type: MC  est_func_name: E[cos(wx+b)]
calculate estimator MSE: 0.014703645708850122  sample_size: 22  sample_type: MC  est_func_name: E[cos(wx+b)]
calculate estimator MSE: 0.008914896826358687  sample_size: 33  sample_type: MC  est_func_name: E[cos(wx+b)]
calculate estimator MSE: 0.012793181572114967  sample_size: 50  sample_type: MC  est_func_name: E[cos(wx+b)]
calculate estimator MSE: 0.005120625489536576  sample_size: 75  sample_type: MC  est_func_name: E[cos(wx+b)]
calculate estimator MSE: 0.004037717321045444  sample_size: 112  sample_type: MC  est_func_name: E[cos(wx+b)]
calculate estimator MSE: 0.0012132199567802216  sample_size: 167  sample_type: MC  est_func_name: E[cos(wx+b)]
calculate estimator MSE: 0.002388752361646889  sample_size: 250  sample_type: MC  est_func_name: E[cos(wx+b)]
calculate estimator MSE: 0.0025864029278021843  sample_size: 10  sample_type: SVGD  est_func_name: E[cos(wx+b)]
calculate estimator MSE: 0.0008212536101118564  sample_size: 15  sample_type: SVGD  est_func_name: E[cos(wx+b)]
calculate estimator MSE: 0.0024293202854423442  sample_size: 22  sample_type: SVGD  est_func_name: E[cos(wx+b)]
calculate estimator MSE: 0.0005133482516023874  sample_size: 33  sample_type: SVGD  est_func_name: E[cos(wx+b)]
calculate estimator MSE: 0.0005467381936918005  sample_size: 50  sample_type: SVGD  est_func_name: E[cos(wx+b)]
calculate estimator MSE: 0.0004797020155034385  sample_size: 75  sample_type: SVGD  est_func_name: E[cos(wx+b)]
calculate estimator MSE: 0.0022667380267604184  sample_size: 112  sample_type: SVGD  est_func_name: E[cos(wx+b)]
calculate estimator MSE: 0.0012524639684636948  sample_size: 167  sample_type: SVGD  est_func_name: E[cos(wx+b)]
calculate estimator MSE: 0.0004670019353688875  sample_size: 250  sample_type: SVGD  est_func_name: E[cos(wx+b)]
